<?xml version="1.0" encoding="UTF-8"?>
<testng-results skipped="0" failed="0" ignored="0" total="1" passed="1">
  <reporter-output>
  </reporter-output>
  <suite name="test.LoginTest" duration-ms="17204" started-at="2020-01-19T20:56:20 CST" finished-at="2020-01-19T20:56:37 CST">
    <groups>
    </groups>
    <test name="Command line test" duration-ms="17204" started-at="2020-01-19T20:56:20 CST" finished-at="2020-01-19T20:56:37 CST">
      <class name="test.LoginTest">
        <test-method status="PASS" signature="loginToTechFios()[pri:0, instance:test.LoginTest@3c0ecd4b]" name="loginToTechFios" duration-ms="17157" started-at="2020-01-19T20:56:20 CST" finished-at="2020-01-19T20:56:37 CST">
          <reporter-output>
          </reporter-output>
        </test-method> <!-- loginToTechFios -->
      </class> <!-- test.LoginTest -->
    </test> <!-- Command line test -->
  </suite> <!-- test.LoginTest -->
</testng-results>
